0 info it worked if it ends with ok
1 verbose cli [ 'node', '/usr/local/bin/npm', 'run', 'watch:build' ]
2 info using npm@2.5.1
3 info using node@v0.10.25
4 verbose node symlink /usr/bin/node
5 verbose run-script [ 'prewatch:build', 'watch:build', 'postwatch:build' ]
6 info prewatch:build @packagefactory/guevara@1.0.0
7 info watch:build @packagefactory/guevara@1.0.0
8 verbose unsafe-perm in lifecycle true
9 info @packagefactory/guevara@1.0.0 Failed to exec watch:build script
10 verbose stack Error: @packagefactory/guevara@1.0.0 watch:build: `npm run build -- --watch`
10 verbose stack Exit status 1
10 verbose stack     at EventEmitter.<anonymous> (/usr/local/lib/node_modules/npm/lib/utils/lifecycle.js:213:16)
10 verbose stack     at EventEmitter.emit (events.js:98:17)
10 verbose stack     at ChildProcess.<anonymous> (/usr/local/lib/node_modules/npm/lib/utils/spawn.js:14:12)
10 verbose stack     at ChildProcess.EventEmitter.emit (events.js:98:17)
10 verbose stack     at maybeClose (child_process.js:743:16)
10 verbose stack     at Process.ChildProcess._handle.onexit (child_process.js:810:5)
11 verbose pkgid @packagefactory/guevara@1.0.0
12 verbose cwd /home/wbehncke/Workspaces/PackageFactory/NeosBase21/Packages/Application/PackageFactory.Guevara
13 error Linux 3.13.0-55-generic
14 error argv "node" "/usr/local/bin/npm" "run" "watch:build"
15 error node v0.10.25
16 error npm  v2.5.1
17 error code ELIFECYCLE
18 error @packagefactory/guevara@1.0.0 watch:build: `npm run build -- --watch`
18 error Exit status 1
19 error Failed at the @packagefactory/guevara@1.0.0 watch:build script 'npm run build -- --watch'.
19 error This is most likely a problem with the @packagefactory/guevara package,
19 error not with npm itself.
19 error Tell the author that this fails on your system:
19 error     npm run build -- --watch
19 error You can get their info via:
19 error     npm owner ls @packagefactory/guevara
19 error There is likely additional logging output above.
20 verbose exit [ 1, true ]
